<?xml version="1.0" encoding="UTF-8"?>
<!-- Generated by org.testng.reporters.JUnitReportReporter -->
<testsuite hostname="DESKTOP-14H19A0" failures="0" tests="1" name="loanapplication.javaproject.testng4" time="77.566" errors="0" timestamp="28 Jun 2020 05:16:53 GMT">
  <testcase classname="loanapplication.javaproject.testng4" name="extent" time="77.566"/>
</testsuite> <!-- loanapplication.javaproject.testng4 -->
