<?xml version="1.0" encoding="UTF-8"?>
<!-- Generated by org.testng.reporters.JUnitReportReporter -->
<testsuite hostname="DESKTOP-14H19A0" failures="0" tests="2" name="loanapplication.javaproject.testng2" time="0.069" errors="0" timestamp="24 May 2020 19:16:14 GMT">
  <testcase classname="loanapplication.javaproject.testng2" name="sen" time="0.062"/>
  <testcase classname="loanapplication.javaproject.testng2" name="sen1" time="0.007"/>
</testsuite> <!-- loanapplication.javaproject.testng2 -->
