<?xml version="1.0" encoding="UTF-8"?>
<!-- Generated by org.testng.reporters.JUnitReportReporter -->
<testsuite hostname="DESKTOP-14H19A0" failures="0" tests="1" name="RestAPI.Summ" time="15.049" errors="0" timestamp="6 Jun 2020 20:58:25 GMT">
  <testcase classname="RestAPI.Summ" name="Sumcop" time="15.049"/>
</testsuite> <!-- RestAPI.Summ -->
