<?xml version="1.0" encoding="UTF-8"?>
<!-- Generated by org.testng.reporters.JUnitReportReporter -->
<testsuite hostname="DESKTOP-14H19A0" failures="0" tests="3" name="RestAPI.auth" time="69.656" errors="0" timestamp="7 Jun 2020 02:18:08 GMT">
  <testcase classname="RestAPI.auth" name="newauthor" time="2.289"/>
  <testcase classname="RestAPI.auth" name="newauthor" time="3.571"/>
  <testcase classname="RestAPI.auth" name="newauthor" time="63.796"/>
</testsuite> <!-- RestAPI.auth -->
