<?xml version="1.0" encoding="UTF-8"?>
<!-- Generated by org.testng.reporters.JUnitReportReporter -->
<testsuite hostname="DESKTOP-14H19A0" failures="0" tests="2" name="loanapplication.javaproject.testng2" time="0.032" errors="0" timestamp="25 May 2020 01:27:42 GMT">
  <testcase classname="loanapplication.javaproject.testng2" name="sen" time="0.020"/>
  <testcase classname="loanapplication.javaproject.testng2" name="sen1" time="0.012"/>
</testsuite> <!-- loanapplication.javaproject.testng2 -->
