<?xml version="1.0" encoding="UTF-8"?>
<!-- Generated by org.testng.reporters.JUnitReportReporter -->
<testsuite hostname="DESKTOP-14H19A0" failures="0" tests="6" name="loanapplication.javaproject.testng1" time="0.036" errors="0" timestamp="25 May 2020 01:27:42 GMT">
  <testcase classname="loanapplication.javaproject.testng1" name="sen20" time="0.003"/>
  <testcase classname="loanapplication.javaproject.testng1" name="sen2" time="0.002"/>
  <testcase classname="loanapplication.javaproject.testng1" name="sen20" time="0.004"/>
  <testcase classname="loanapplication.javaproject.testng1" name="sen12" time="0.022"/>
  <testcase classname="loanapplication.javaproject.testng1" name="sen3" time="0.002"/>
  <testcase classname="loanapplication.javaproject.testng1" name="sen20" time="0.003"/>
</testsuite> <!-- loanapplication.javaproject.testng1 -->
